C:\Users\administrador\Documents\6671\OpenGLSL\OpenGL_Extensions_Tutorial\OpenGL_Extensions_Tutorial\Debug\BscMake.command.1.tlog
C:\Users\administrador\Documents\6671\OpenGLSL\OpenGL_Extensions_Tutorial\OpenGL_Extensions_Tutorial\Debug\bscmake.read.1.tlog
C:\Users\administrador\Documents\6671\OpenGLSL\OpenGL_Extensions_Tutorial\OpenGL_Extensions_Tutorial\Debug\BscMake.write.1.tlog
C:\Users\administrador\Documents\6671\OpenGLSL\OpenGL_Extensions_Tutorial\OpenGL_Extensions_Tutorial\Debug\cl.command.1.tlog
C:\Users\administrador\Documents\6671\OpenGLSL\OpenGL_Extensions_Tutorial\OpenGL_Extensions_Tutorial\Debug\CL.read.1.tlog
C:\Users\administrador\Documents\6671\OpenGLSL\OpenGL_Extensions_Tutorial\OpenGL_Extensions_Tutorial\Debug\CL.write.1.tlog
C:\USERS\ADMINISTRADOR\DOCUMENTS\6671\OPENGLSL\OPENGL_EXTENSIONS_TUTORIAL\OPENGL_EXTENSIONS_TUTORIAL\DEBUG\FREEGLUT_CALLBACKS.OBJ
C:\USERS\ADMINISTRADOR\DOCUMENTS\6671\OPENGLSL\OPENGL_EXTENSIONS_TUTORIAL\OPENGL_EXTENSIONS_TUTORIAL\DEBUG\FREEGLUT_CALLBACKS.SBR
C:\USERS\ADMINISTRADOR\DOCUMENTS\6671\OPENGLSL\OPENGL_EXTENSIONS_TUTORIAL\OPENGL_EXTENSIONS_TUTORIAL\DEBUG\FREEGLUT_CURSOR.OBJ
C:\USERS\ADMINISTRADOR\DOCUMENTS\6671\OPENGLSL\OPENGL_EXTENSIONS_TUTORIAL\OPENGL_EXTENSIONS_TUTORIAL\DEBUG\FREEGLUT_CURSOR.SBR
C:\USERS\ADMINISTRADOR\DOCUMENTS\6671\OPENGLSL\OPENGL_EXTENSIONS_TUTORIAL\OPENGL_EXTENSIONS_TUTORIAL\DEBUG\FREEGLUT_DISPLAY.OBJ
C:\USERS\ADMINISTRADOR\DOCUMENTS\6671\OPENGLSL\OPENGL_EXTENSIONS_TUTORIAL\OPENGL_EXTENSIONS_TUTORIAL\DEBUG\FREEGLUT_DISPLAY.SBR
C:\USERS\ADMINISTRADOR\DOCUMENTS\6671\OPENGLSL\OPENGL_EXTENSIONS_TUTORIAL\OPENGL_EXTENSIONS_TUTORIAL\DEBUG\FREEGLUT_EXT.OBJ
C:\USERS\ADMINISTRADOR\DOCUMENTS\6671\OPENGLSL\OPENGL_EXTENSIONS_TUTORIAL\OPENGL_EXTENSIONS_TUTORIAL\DEBUG\FREEGLUT_EXT.SBR
C:\USERS\ADMINISTRADOR\DOCUMENTS\6671\OPENGLSL\OPENGL_EXTENSIONS_TUTORIAL\OPENGL_EXTENSIONS_TUTORIAL\DEBUG\FREEGLUT_FONT.OBJ
C:\USERS\ADMINISTRADOR\DOCUMENTS\6671\OPENGLSL\OPENGL_EXTENSIONS_TUTORIAL\OPENGL_EXTENSIONS_TUTORIAL\DEBUG\FREEGLUT_FONT.SBR
C:\USERS\ADMINISTRADOR\DOCUMENTS\6671\OPENGLSL\OPENGL_EXTENSIONS_TUTORIAL\OPENGL_EXTENSIONS_TUTORIAL\DEBUG\FREEGLUT_FONT_DATA.OBJ
C:\USERS\ADMINISTRADOR\DOCUMENTS\6671\OPENGLSL\OPENGL_EXTENSIONS_TUTORIAL\OPENGL_EXTENSIONS_TUTORIAL\DEBUG\FREEGLUT_FONT_DATA.SBR
C:\USERS\ADMINISTRADOR\DOCUMENTS\6671\OPENGLSL\OPENGL_EXTENSIONS_TUTORIAL\OPENGL_EXTENSIONS_TUTORIAL\DEBUG\FREEGLUT_GAMEMODE.OBJ
C:\USERS\ADMINISTRADOR\DOCUMENTS\6671\OPENGLSL\OPENGL_EXTENSIONS_TUTORIAL\OPENGL_EXTENSIONS_TUTORIAL\DEBUG\FREEGLUT_GAMEMODE.SBR
C:\USERS\ADMINISTRADOR\DOCUMENTS\6671\OPENGLSL\OPENGL_EXTENSIONS_TUTORIAL\OPENGL_EXTENSIONS_TUTORIAL\DEBUG\FREEGLUT_GEOMETRY.OBJ
C:\USERS\ADMINISTRADOR\DOCUMENTS\6671\OPENGLSL\OPENGL_EXTENSIONS_TUTORIAL\OPENGL_EXTENSIONS_TUTORIAL\DEBUG\FREEGLUT_GEOMETRY.SBR
C:\USERS\ADMINISTRADOR\DOCUMENTS\6671\OPENGLSL\OPENGL_EXTENSIONS_TUTORIAL\OPENGL_EXTENSIONS_TUTORIAL\DEBUG\FREEGLUT_GLUTFONT_DEFINITIONS.OBJ
C:\USERS\ADMINISTRADOR\DOCUMENTS\6671\OPENGLSL\OPENGL_EXTENSIONS_TUTORIAL\OPENGL_EXTENSIONS_TUTORIAL\DEBUG\FREEGLUT_GLUTFONT_DEFINITIONS.SBR
C:\USERS\ADMINISTRADOR\DOCUMENTS\6671\OPENGLSL\OPENGL_EXTENSIONS_TUTORIAL\OPENGL_EXTENSIONS_TUTORIAL\DEBUG\FREEGLUT_INIT.OBJ
C:\USERS\ADMINISTRADOR\DOCUMENTS\6671\OPENGLSL\OPENGL_EXTENSIONS_TUTORIAL\OPENGL_EXTENSIONS_TUTORIAL\DEBUG\FREEGLUT_INIT.SBR
C:\USERS\ADMINISTRADOR\DOCUMENTS\6671\OPENGLSL\OPENGL_EXTENSIONS_TUTORIAL\OPENGL_EXTENSIONS_TUTORIAL\DEBUG\FREEGLUT_JOYSTICK.OBJ
C:\USERS\ADMINISTRADOR\DOCUMENTS\6671\OPENGLSL\OPENGL_EXTENSIONS_TUTORIAL\OPENGL_EXTENSIONS_TUTORIAL\DEBUG\FREEGLUT_JOYSTICK.SBR
C:\USERS\ADMINISTRADOR\DOCUMENTS\6671\OPENGLSL\OPENGL_EXTENSIONS_TUTORIAL\OPENGL_EXTENSIONS_TUTORIAL\DEBUG\FREEGLUT_MAIN.OBJ
C:\USERS\ADMINISTRADOR\DOCUMENTS\6671\OPENGLSL\OPENGL_EXTENSIONS_TUTORIAL\OPENGL_EXTENSIONS_TUTORIAL\DEBUG\FREEGLUT_MAIN.SBR
C:\USERS\ADMINISTRADOR\DOCUMENTS\6671\OPENGLSL\OPENGL_EXTENSIONS_TUTORIAL\OPENGL_EXTENSIONS_TUTORIAL\DEBUG\FREEGLUT_MENU.OBJ
C:\USERS\ADMINISTRADOR\DOCUMENTS\6671\OPENGLSL\OPENGL_EXTENSIONS_TUTORIAL\OPENGL_EXTENSIONS_TUTORIAL\DEBUG\FREEGLUT_MENU.SBR
C:\USERS\ADMINISTRADOR\DOCUMENTS\6671\OPENGLSL\OPENGL_EXTENSIONS_TUTORIAL\OPENGL_EXTENSIONS_TUTORIAL\DEBUG\FREEGLUT_MISC.OBJ
C:\USERS\ADMINISTRADOR\DOCUMENTS\6671\OPENGLSL\OPENGL_EXTENSIONS_TUTORIAL\OPENGL_EXTENSIONS_TUTORIAL\DEBUG\FREEGLUT_MISC.SBR
C:\USERS\ADMINISTRADOR\DOCUMENTS\6671\OPENGLSL\OPENGL_EXTENSIONS_TUTORIAL\OPENGL_EXTENSIONS_TUTORIAL\DEBUG\FREEGLUT_OVERLAY.OBJ
C:\USERS\ADMINISTRADOR\DOCUMENTS\6671\OPENGLSL\OPENGL_EXTENSIONS_TUTORIAL\OPENGL_EXTENSIONS_TUTORIAL\DEBUG\FREEGLUT_OVERLAY.SBR
C:\USERS\ADMINISTRADOR\DOCUMENTS\6671\OPENGLSL\OPENGL_EXTENSIONS_TUTORIAL\OPENGL_EXTENSIONS_TUTORIAL\DEBUG\FREEGLUT_STATE.OBJ
C:\USERS\ADMINISTRADOR\DOCUMENTS\6671\OPENGLSL\OPENGL_EXTENSIONS_TUTORIAL\OPENGL_EXTENSIONS_TUTORIAL\DEBUG\FREEGLUT_STATE.SBR
C:\USERS\ADMINISTRADOR\DOCUMENTS\6671\OPENGLSL\OPENGL_EXTENSIONS_TUTORIAL\OPENGL_EXTENSIONS_TUTORIAL\DEBUG\FREEGLUT_STROKE_MONO_ROMAN.OBJ
C:\USERS\ADMINISTRADOR\DOCUMENTS\6671\OPENGLSL\OPENGL_EXTENSIONS_TUTORIAL\OPENGL_EXTENSIONS_TUTORIAL\DEBUG\FREEGLUT_STROKE_MONO_ROMAN.SBR
C:\USERS\ADMINISTRADOR\DOCUMENTS\6671\OPENGLSL\OPENGL_EXTENSIONS_TUTORIAL\OPENGL_EXTENSIONS_TUTORIAL\DEBUG\FREEGLUT_STROKE_ROMAN.OBJ
C:\USERS\ADMINISTRADOR\DOCUMENTS\6671\OPENGLSL\OPENGL_EXTENSIONS_TUTORIAL\OPENGL_EXTENSIONS_TUTORIAL\DEBUG\FREEGLUT_STROKE_ROMAN.SBR
C:\USERS\ADMINISTRADOR\DOCUMENTS\6671\OPENGLSL\OPENGL_EXTENSIONS_TUTORIAL\OPENGL_EXTENSIONS_TUTORIAL\DEBUG\FREEGLUT_STRUCTURE.OBJ
C:\USERS\ADMINISTRADOR\DOCUMENTS\6671\OPENGLSL\OPENGL_EXTENSIONS_TUTORIAL\OPENGL_EXTENSIONS_TUTORIAL\DEBUG\FREEGLUT_STRUCTURE.SBR
C:\USERS\ADMINISTRADOR\DOCUMENTS\6671\OPENGLSL\OPENGL_EXTENSIONS_TUTORIAL\OPENGL_EXTENSIONS_TUTORIAL\DEBUG\FREEGLUT_TEAPOT.OBJ
C:\USERS\ADMINISTRADOR\DOCUMENTS\6671\OPENGLSL\OPENGL_EXTENSIONS_TUTORIAL\OPENGL_EXTENSIONS_TUTORIAL\DEBUG\FREEGLUT_TEAPOT.SBR
C:\USERS\ADMINISTRADOR\DOCUMENTS\6671\OPENGLSL\OPENGL_EXTENSIONS_TUTORIAL\OPENGL_EXTENSIONS_TUTORIAL\DEBUG\FREEGLUT_VIDEORESIZE.OBJ
C:\USERS\ADMINISTRADOR\DOCUMENTS\6671\OPENGLSL\OPENGL_EXTENSIONS_TUTORIAL\OPENGL_EXTENSIONS_TUTORIAL\DEBUG\FREEGLUT_VIDEORESIZE.SBR
C:\USERS\ADMINISTRADOR\DOCUMENTS\6671\OPENGLSL\OPENGL_EXTENSIONS_TUTORIAL\OPENGL_EXTENSIONS_TUTORIAL\DEBUG\FREEGLUT_WINDOW.OBJ
C:\USERS\ADMINISTRADOR\DOCUMENTS\6671\OPENGLSL\OPENGL_EXTENSIONS_TUTORIAL\OPENGL_EXTENSIONS_TUTORIAL\DEBUG\FREEGLUT_WINDOW.SBR
C:\USERS\ADMINISTRADOR\DOCUMENTS\6671\OPENGLSL\OPENGL_EXTENSIONS_TUTORIAL\OPENGL_EXTENSIONS_TUTORIAL\DEBUG\GLAPPLICATION.OBJ
C:\USERS\ADMINISTRADOR\DOCUMENTS\6671\OPENGLSL\OPENGL_EXTENSIONS_TUTORIAL\OPENGL_EXTENSIONS_TUTORIAL\DEBUG\GLAPPLICATION.SBR
C:\USERS\ADMINISTRADOR\DOCUMENTS\6671\OPENGLSL\OPENGL_EXTENSIONS_TUTORIAL\OPENGL_EXTENSIONS_TUTORIAL\DEBUG\GLEW.OBJ
C:\USERS\ADMINISTRADOR\DOCUMENTS\6671\OPENGLSL\OPENGL_EXTENSIONS_TUTORIAL\OPENGL_EXTENSIONS_TUTORIAL\DEBUG\GLEW.SBR
C:\USERS\ADMINISTRADOR\DOCUMENTS\6671\OPENGLSL\OPENGL_EXTENSIONS_TUTORIAL\OPENGL_EXTENSIONS_TUTORIAL\DEBUG\GLUTWINDOW.OBJ
C:\USERS\ADMINISTRADOR\DOCUMENTS\6671\OPENGLSL\OPENGL_EXTENSIONS_TUTORIAL\OPENGL_EXTENSIONS_TUTORIAL\DEBUG\GLUTWINDOW.SBR
C:\USERS\ADMINISTRADOR\DOCUMENTS\6671\OPENGLSL\OPENGL_EXTENSIONS_TUTORIAL\OPENGL_EXTENSIONS_TUTORIAL\DEBUG\GLWINDOW.OBJ
C:\USERS\ADMINISTRADOR\DOCUMENTS\6671\OPENGLSL\OPENGL_EXTENSIONS_TUTORIAL\OPENGL_EXTENSIONS_TUTORIAL\DEBUG\GLWINDOW.SBR
C:\Users\administrador\Documents\6671\OpenGLSL\OpenGL_Extensions_Tutorial\OpenGL_Extensions_Tutorial\Debug\link.command.1.tlog
C:\Users\administrador\Documents\6671\OpenGLSL\OpenGL_Extensions_Tutorial\OpenGL_Extensions_Tutorial\Debug\link.read.1.tlog
C:\Users\administrador\Documents\6671\OpenGLSL\OpenGL_Extensions_Tutorial\OpenGL_Extensions_Tutorial\Debug\link.write.1.tlog
C:\Users\administrador\Documents\6671\OpenGLSL\OpenGL_Extensions_Tutorial\OpenGL_Extensions_Tutorial\Debug\link-cvtres.read.1.tlog
C:\Users\administrador\Documents\6671\OpenGLSL\OpenGL_Extensions_Tutorial\OpenGL_Extensions_Tutorial\Debug\link-cvtres.write.1.tlog
C:\USERS\ADMINISTRADOR\DOCUMENTS\6671\OPENGLSL\OPENGL_EXTENSIONS_TUTORIAL\OPENGL_EXTENSIONS_TUTORIAL\DEBUG\MAIN.OBJ
C:\USERS\ADMINISTRADOR\DOCUMENTS\6671\OPENGLSL\OPENGL_EXTENSIONS_TUTORIAL\OPENGL_EXTENSIONS_TUTORIAL\DEBUG\MAIN.SBR
C:\Users\administrador\Documents\6671\OpenGLSL\OpenGL_Extensions_Tutorial\OpenGL_Extensions_Tutorial\Debug\mt.command.1.tlog
C:\Users\administrador\Documents\6671\OpenGLSL\OpenGL_Extensions_Tutorial\OpenGL_Extensions_Tutorial\Debug\mt.read.1.tlog
C:\Users\administrador\Documents\6671\OpenGLSL\OpenGL_Extensions_Tutorial\OpenGL_Extensions_Tutorial\Debug\mt.write.1.tlog
C:\USERS\ADMINISTRADOR\DOCUMENTS\6671\OPENGLSL\OPENGL_EXTENSIONS_TUTORIAL\OPENGL_EXTENSIONS_TUTORIAL\DEBUG\MYAPPLICATION.OBJ
C:\USERS\ADMINISTRADOR\DOCUMENTS\6671\OPENGLSL\OPENGL_EXTENSIONS_TUTORIAL\OPENGL_EXTENSIONS_TUTORIAL\DEBUG\MYAPPLICATION.SBR
C:\USERS\ADMINISTRADOR\DOCUMENTS\6671\OPENGLSL\OPENGL_EXTENSIONS_TUTORIAL\OPENGL_EXTENSIONS_TUTORIAL\DEBUG\MYWINDOW.OBJ
C:\USERS\ADMINISTRADOR\DOCUMENTS\6671\OPENGLSL\OPENGL_EXTENSIONS_TUTORIAL\OPENGL_EXTENSIONS_TUTORIAL\DEBUG\MYWINDOW.SBR
C:\Users\administrador\Documents\6671\OpenGLSL\OpenGL_Extensions_Tutorial\OpenGL_Extensions_Tutorial\Debug\rc.command.1.tlog
C:\Users\administrador\Documents\6671\OpenGLSL\OpenGL_Extensions_Tutorial\OpenGL_Extensions_Tutorial\Debug\rc.read.1.tlog
C:\Users\administrador\Documents\6671\OpenGLSL\OpenGL_Extensions_Tutorial\OpenGL_Extensions_Tutorial\Debug\rc.write.1.tlog
C:\USERS\ADMINISTRADOR\DOCUMENTS\6671\OPENGLSL\OPENGL_EXTENSIONS_TUTORIAL\OPENGL_EXTENSIONS_TUTORIAL\DEBUG\TEMPLATEPROJECT.BSC
C:\USERS\ADMINISTRADOR\DOCUMENTS\6671\OPENGLSL\OPENGL_EXTENSIONS_TUTORIAL\OPENGL_EXTENSIONS_TUTORIAL\DEBUG\TEMPLATEPROJECT.EXE
C:\USERS\ADMINISTRADOR\DOCUMENTS\6671\OPENGLSL\OPENGL_EXTENSIONS_TUTORIAL\OPENGL_EXTENSIONS_TUTORIAL\DEBUG\TEMPLATEPROJECT.EXE.EMBED.MANIFEST
C:\USERS\ADMINISTRADOR\DOCUMENTS\6671\OPENGLSL\OPENGL_EXTENSIONS_TUTORIAL\OPENGL_EXTENSIONS_TUTORIAL\DEBUG\TEMPLATEPROJECT.EXE.EMBED.MANIFEST.RES
C:\USERS\ADMINISTRADOR\DOCUMENTS\6671\OPENGLSL\OPENGL_EXTENSIONS_TUTORIAL\OPENGL_EXTENSIONS_TUTORIAL\DEBUG\TEMPLATEPROJECT.EXE.INTERMEDIATE.MANIFEST
C:\USERS\ADMINISTRADOR\DOCUMENTS\6671\OPENGLSL\OPENGL_EXTENSIONS_TUTORIAL\OPENGL_EXTENSIONS_TUTORIAL\DEBUG\TEMPLATEPROJECT.ILK
C:\USERS\ADMINISTRADOR\DOCUMENTS\6671\OPENGLSL\OPENGL_EXTENSIONS_TUTORIAL\OPENGL_EXTENSIONS_TUTORIAL\DEBUG\TEMPLATEPROJECT.PDB
C:\Users\administrador\Documents\6671\OpenGLSL\OpenGL_Extensions_Tutorial\OpenGL_Extensions_Tutorial\Debug\TemplateProject_manifest.rc
C:\Users\administrador\Documents\6671\OpenGLSL\OpenGL_Extensions_Tutorial\OpenGL_Extensions_Tutorial\Debug\vc100.idb
C:\USERS\ADMINISTRADOR\DOCUMENTS\6671\OPENGLSL\OPENGL_EXTENSIONS_TUTORIAL\OPENGL_EXTENSIONS_TUTORIAL\DEBUG\VC100.PDB
Debug\TemplateProject.bsc
Debug\TemplateProject.ilk
Debug\TemplateProject.pdb
